Name: 浙江卫视, URL: http://[2409:8087:1a01:df::4077]/ottrrs.hl.chinamobile.com/PLTV/88888888/224/3221226339/index.m3u8$1920x1080|ipv6, Date: None, Resolution: 1920x1080, Response Time: inffps
Name: 浙江卫视, URL: http://[2409:8087:5e00:24::1e]:6060/200000001898/460000089800010070/1.m3u8$1920x1080|ipv6, Date: None, Resolution: 1920x1080, Response Time: inffps
Name: 浙江卫视, URL: http://[2409:8087:1a01:df::4077]/PLTV/88888888/224/3221225959/index.m3u8$1920x1080|ipv6, Date: None, Resolution: 1920x1080, Response Time: inffps
Name: 江苏卫视, URL: http://[2409:8087:1a01:df::4077]/ottrrs.hl.chinamobile.com/PLTV/88888888/224/3221226310/index.m3u8$1920x1080|ipv6, Date: None, Resolution: 1920x1080, Response Time: inffps
Name: 江苏卫视, URL: http://[2409:8087:5e00:24::1e]:6060/200000001898/460000089800010059/1.m3u8$1920x1080|ipv6, Date: None, Resolution: 1920x1080, Response Time: inffps
Name: 江苏卫视, URL: http://[2409:8087:5e00:24::1e]:6060/200000001898/460000089800010225/1.m3u8$1920x1080|ipv6, Date: None, Resolution: 1920x1080, Response Time: inffps
Name: 江苏卫视, URL: http://[2409:8087:1a01:df::4077]/PLTV/88888888/224/3221225938/index.m3u8$1920x1080|ipv6, Date: None, Resolution: 1920x1080, Response Time: inffps
Name: 湖南卫视, URL: http://[2409:8087:5e00:24::1e]:6060/200000001898/460000089800010058/1.m3u8$1920x1080|ipv6, Date: None, Resolution: 1920x1080, Response Time: inffps
Name: 湖南卫视, URL: http://[2409:8087:5e00:24::1e]:6060/200000001898/460000089800010224/1.m3u8$1920x1080|ipv6, Date: None, Resolution: 1920x1080, Response Time: inffps
Name: 北京卫视, URL: http://[2409:8087:1a01:df::4077]/ottrrs.hl.chinamobile.com/PLTV/88888888/224/3221226450/index.m3u8$1920x1080|ipv6, Date: None, Resolution: 1920x1080, Response Time: inffps
Name: 北京卫视, URL: http://[2409:8087:1a01:df::4077]/PLTV/88888888/224/3221225931/index.m3u8$1920x1080|ipv6, Date: None, Resolution: 1920x1080, Response Time: inffps
Name: 广东卫视, URL: http://[2409:8087:1a01:df::4077]/ottrrs.hl.chinamobile.com/PLTV/88888888/224/3221226248/index.m3u8$1920x1080|ipv6, Date: None, Resolution: 1920x1080, Response Time: inffps
Name: 广东卫视, URL: http://[2409:8087:5e00:24::1e]:6060/200000001898/460000089800010055/1.m3u8$1920x1080|ipv6, Date: None, Resolution: 1920x1080, Response Time: inffps
Name: 广东卫视, URL: http://[2409:8087:5e00:24::1e]:6060/200000001898/460000089800010221/1.m3u8$1920x1080|ipv6, Date: None, Resolution: 1920x1080, Response Time: inffps
Name: 广东卫视, URL: http://[2409:8087:1a01:df::4077]/PLTV/88888888/224/3221225966/index.m3u8$1920x1080|ipv6, Date: None, Resolution: 1920x1080, Response Time: inffps
Name: 深圳卫视, URL: http://[2409:8087:1a01:df::4077]/ottrrs.hl.chinamobile.com/PLTV/88888888/224/3221226313/index.m3u8$1920x1080|ipv6, Date: None, Resolution: 1920x1080, Response Time: inffps
Name: 深圳卫视, URL: http://[2409:8087:5e00:24::1e]:6060/200000001898/460000089800010068/1.m3u8$1920x1080|ipv6, Date: None, Resolution: 1920x1080, Response Time: inffps
Name: 深圳卫视, URL: http://[2409:8087:1a01:df::4077]/PLTV/88888888/224/3221225943/index.m3u8$1920x1080|ipv6, Date: None, Resolution: 1920x1080, Response Time: inffps
Name: 黑龙江卫视, URL: http://[2409:8087:1a01:df::4001]/ottrrs.hl.chinamobile.com/PLTV/88888888/224/3221226327/1.m3u8$1920x1080|ipv6, Date: None, Resolution: 1920x1080, Response Time: inffps
Name: 黑龙江卫视, URL: http://[2409:8087:1a01:df::4077]/ottrrs.hl.chinamobile.com/PLTV/88888888/224/3221226327/index.m3u8$1920x1080|ipv6, Date: None, Resolution: 1920x1080, Response Time: inffps
Name: 黑龙江卫视, URL: http://[2409:8087:5e00:24::1e]:6060/200000001898/460000089800010056/1.m3u8$1920x1080|ipv6, Date: None, Resolution: 1920x1080, Response Time: inffps
Name: 黑龙江卫视, URL: http://[2409:8087:5e00:24::1e]:6060/200000001898/460000089800010222/1.m3u8$1920x1080|ipv6, Date: None, Resolution: 1920x1080, Response Time: inffps
Name: 黑龙江卫视, URL: http://[2409:8087:1a01:df::4077]/PLTV/88888888/224/3221225985/index.m3u8$1920x1080|ipv6, Date: None, Resolution: 1920x1080, Response Time: inffps
Name: 山东卫视, URL: http://[2409:8087:1a01:df::4077]/ottrrs.hl.chinamobile.com/PLTV/88888888/224/3221226456/index.m3u8$1920x1080|ipv6, Date: None, Resolution: 1920x1080, Response Time: inffps
Name: 山东卫视, URL: http://[2409:8087:5e00:24::1e]:6060/200000001898/460000089800010066/1.m3u8$1920x1080|ipv6, Date: None, Resolution: 1920x1080, Response Time: inffps
Name: 山东卫视, URL: http://[2409:8087:1a01:df::4077]/PLTV/88888888/224/3221225952/index.m3u8$1920x1080|ipv6, Date: None, Resolution: 1920x1080, Response Time: inffps
Name: 湖北卫视, URL: http://[2409:8087:1a01:df::4077]/PLTV/88888888/224/3221225975/index.m3u8$1920x1080|ipv6, Date: None, Resolution: 1920x1080, Response Time: inffps
Name: 湖北卫视, URL: http://[2409:8087:5e00:24::1e]:6060/200000001898/460000089800010057/1.m3u8$1920x1080|ipv6, Date: None, Resolution: 1920x1080, Response Time: inffps
Name: 湖北卫视, URL: http://[2409:8087:1a01:df::4077]/PLTV/88888888/224/3221225975/index.m3u8$1920x1080|ipv6, Date: None, Resolution: 1920x1080, Response Time: inffps
Name: 安徽卫视, URL: http://[2409:8087:1a01:df::4077]/ottrrs.hl.chinamobile.com/PLTV/88888888/224/3221226391/index.m3u8$1920x1080|ipv6, Date: None, Resolution: 1920x1080, Response Time: inffps
Name: 安徽卫视, URL: http://[2409:8087:5e00:24::1e]:6060/200000001898/460000089800010041/1.m3u8$1920x1080|ipv6, Date: None, Resolution: 1920x1080, Response Time: inffps
Name: 安徽卫视, URL: http://[2409:8087:1a01:df::4077]/PLTV/88888888/224/3221225925/index.m3u8$1920x1080|ipv6, Date: None, Resolution: 1920x1080, Response Time: inffps
Name: 东南卫视, URL: http://[2409:8087:1a01:df::4077]/ottrrs.hl.chinamobile.com/PLTV/88888888/224/3221226341/index.m3u8$1920x1080|ipv6, Date: None, Resolution: 1920x1080, Response Time: inffps
Name: 东南卫视, URL: http://[2409:8087:5e00:24::1e]:6060/200000001898/460000089800010096/1.m3u8$1920x1080|ipv6, Date: None, Resolution: 1920x1080, Response Time: inffps
Name: 东南卫视, URL: http://[2409:8087:1a01:df::4077]/PLTV/88888888/224/3221225950/index.m3u8$1920x1080|ipv6, Date: None, Resolution: 1920x1080, Response Time: inffps
Name: 东南卫视, URL: http://[2409:8087:1a0b:df::4020]:80/ottrrs.hl.chinamobile.com/PLTV/88888888/224/3221226341/index.m3u8$1920x1080|ipv6, Date: None, Resolution: 1920x1080, Response Time: inffps
Name: 江西卫视, URL: http://[2409:8087:1a01:df::4077]/ottrrs.hl.chinamobile.com/PLTV/88888888/224/3221226344/index.m3u8$1920x1080|ipv6, Date: None, Resolution: 1920x1080, Response Time: inffps
Name: 江西卫视, URL: http://[2409:8087:5e00:24::1e]:6060/200000001898/460000089800010060/1.m3u8$1920x1080|ipv6, Date: None, Resolution: 1920x1080, Response Time: inffps
Name: 江西卫视, URL: http://[2409:8087:1a01:df::4077]/PLTV/88888888/224/3221225935/index.m3u8$1920x1080|ipv6, Date: None, Resolution: 1920x1080, Response Time: inffps
Name: 江西卫视, URL: http://[2409:8087:1a0b:df::4020]:80/ottrrs.hl.chinamobile.com/PLTV/88888888/224/3221226344/index.m3u8$1920x1080|ipv6, Date: None, Resolution: 1920x1080, Response Time: inffps
Name: 辽宁卫视, URL: http://[2409:8087:5e00:24::1e]:6060/200000001898/460000089800010061/1.m3u8$1920x1080|ipv6, Date: None, Resolution: 1920x1080, Response Time: inffps
Name: 天津卫视, URL: http://[2409:8087:1a01:df::4077]/ottrrs.hl.chinamobile.com/PLTV/88888888/224/3221226459/index.m3u8$1920x1080|ipv6, Date: None, Resolution: 1920x1080, Response Time: inffps
Name: 天津卫视, URL: http://[2409:8087:5e00:24::1e]:6060/200000001898/460000089800010069/1.m3u8$1920x1080|ipv6, Date: None, Resolution: 1920x1080, Response Time: inffps
Name: 天津卫视, URL: http://[2409:8087:1a01:df::4077]/PLTV/88888888/224/3221225972/index.m3u8$1920x1080|ipv6, Date: None, Resolution: 1920x1080, Response Time: inffps
Name: 四川卫视, URL: http://[2409:8087:1a01:df::4077]/ottrrs.hl.chinamobile.com/PLTV/88888888/224/3221226338/index.m3u8$1920x1080|ipv6, Date: None, Resolution: 1920x1080, Response Time: inffps
Name: 四川卫视, URL: http://[2409:8087:5e00:24::1e]:6060/200000001898/460000089800010115/1.m3u8$1920x1080|ipv6, Date: None, Resolution: 1920x1080, Response Time: inffps
Name: 四川卫视, URL: http://[2409:8087:1a01:df::4077]/PLTV/88888888/224/3221225970/index.m3u8$1920x1080|ipv6, Date: None, Resolution: 1920x1080, Response Time: inffps
Name: 四川卫视, URL: http://[2409:8087:1a0b:df::4020]:80/ottrrs.hl.chinamobile.com/PLTV/88888888/224/3221226338/index.m3u8$1920x1080|ipv6, Date: None, Resolution: 1920x1080, Response Time: inffps
Name: 重庆卫视, URL: http://[2409:8087:1a01:df::4077]/ottrrs.hl.chinamobile.com/PLTV/88888888/224/3221226409/index.m3u8$1920x1080|ipv6, Date: None, Resolution: 1920x1080, Response Time: inffps
Name: 重庆卫视, URL: http://[2409:8087:5e00:24::1e]:6060/200000001898/460000089800010053/1.m3u8$1920x1080|ipv6, Date: None, Resolution: 1920x1080, Response Time: inffps
Name: 重庆卫视, URL: http://[2409:8087:5e00:24::1e]:6060/200000001898/460000089800010218/1.m3u8$1920x1080|ipv6, Date: None, Resolution: 1920x1080, Response Time: inffps
Name: 重庆卫视, URL: http://[2409:8087:1a01:df::4077]/PLTV/88888888/224/3221225963/index.m3u8$1920x1080|ipv6, Date: None, Resolution: 1920x1080, Response Time: inffps
Name: 贵州卫视, URL: http://[2409:8087:1a01:df::4077]/ottrrs.hl.chinamobile.com/PLTV/88888888/224/3221226474/index.m3u8$1920x1080|ipv6, Date: None, Resolution: 1920x1080, Response Time: inffps
Name: 贵州卫视, URL: http://[2409:8087:5e00:24::1e]:6060/200000001898/460000089800010100/1.m3u8$1920x1080|ipv6, Date: None, Resolution: 1920x1080, Response Time: inffps
Name: 贵州卫视, URL: http://[2409:8087:1a01:df::4077]/PLTV/88888888/224/3221225974/index.m3u8$1920x1080|ipv6, Date: None, Resolution: 1920x1080, Response Time: inffps
Name: 贵州卫视, URL: http://[2409:8087:1a0b:df::4020]:80/ottrrs.hl.chinamobile.com/PLTV/88888888/224/3221226474/index.m3u8$1920x1080|ipv6, Date: None, Resolution: 1920x1080, Response Time: inffps
Name: 海南卫视, URL: http://[2409:8087:1a0b:df::4020]/ottrrs.hl.chinamobile.com/PLTV/88888888/224/3221226465/index.m3u8$1920x1080|ipv6, Date: None, Resolution: 1920x1080, Response Time: inffps
Name: 海南卫视, URL: http://[2409:8087:1a01:df::7005]/ottrrs.hl.chinamobile.com/PLTV/88888888/224/3221226465/index.m3u8$1920x1080|ipv6, Date: None, Resolution: 1920x1080, Response Time: inffps
Name: 海南卫视, URL: http://[2409:8087:1a01:df::4077]/PLTV/88888888/224/3221225978/index.m3u8$1920x1080|ipv6, Date: None, Resolution: 1920x1080, Response Time: inffps
Name: 海南卫视, URL: http://[2409:8087:5e00:24::1e]:6060/200000001898/460000089800010083/1.m3u8$1920x1080|ipv6, Date: None, Resolution: 1920x1080, Response Time: inffps
Name: 海南卫视, URL: http://[2409:8087:1a01:df::4077]/PLTV/88888888/224/3221225978/index.m3u8$1920x1080|ipv6, Date: None, Resolution: 1920x1080, Response Time: inffps
Name: 海南卫视, URL: http://[2409:8087:1a0b:df::4020]:80/ottrrs.hl.chinamobile.com/PLTV/88888888/224/3221226465/index.m3u8$1920x1080|ipv6, Date: None, Resolution: 1920x1080, Response Time: inffps
Name: 河北卫视, URL: http://[2409:8087:1a0b:df::4020]/ottrrs.hl.chinamobile.com/PLTV/88888888/224/3221226406/index.m3u8$1920x1080|ipv6, Date: None, Resolution: 1920x1080, Response Time: inffps
Name: 河北卫视, URL: http://[2409:8087:1a01:df::7005]/ottrrs.hl.chinamobile.com/PLTV/88888888/224/3221226406/index.m3u8$1920x1080|ipv6, Date: None, Resolution: 1920x1080, Response Time: inffps
Name: 河北卫视, URL: http://[2409:8087:5e01:34::23]:6610/ZTE_CMS/00000001000000060000000000000487/index.m3u8?IAS$1920x1080|ipv6, Date: None, Resolution: 1920x1080, Response Time: inffps
Name: 河北卫视, URL: http://[2409:8087:5e00:24::1e]:6060/200000001898/460000089800010101/1.m3u8$1920x1080|ipv6, Date: None, Resolution: 1920x1080, Response Time: inffps
Name: 河北卫视, URL: http://[2409:8087:1a01:df::4077]/PLTV/88888888/224/3221225961/index.m3u8$1920x1080|ipv6, Date: None, Resolution: 1920x1080, Response Time: inffps
Name: 河北卫视, URL: http://[2409:8087:1a0b:df::4020]:80/ottrrs.hl.chinamobile.com/PLTV/88888888/224/3221226406/index.m3u8$1920x1080|ipv6, Date: None, Resolution: 1920x1080, Response Time: inffps
Name: 宁夏卫视, URL: http://[2409:8087:5e00:24::1e]:6060/200000001898/460000089800010110/1.m3u8$1920x1080|ipv6, Date: None, Resolution: 1920x1080, Response Time: inffps
Name: 广西卫视, URL: http://[2409:8087:1a01:df::7005]/ottrrs.hl.chinamobile.com/PLTV/88888888/224/3221226549/index.m3u8$1920x1080|ipv6, Date: None, Resolution: 1920x1080, Response Time: inffps
Name: 广西卫视, URL: http://[2409:8087:5e00:24::1e]:6060/200000001898/460000089800010099/1.m3u8$1920x1080|ipv6, Date: None, Resolution: 1920x1080, Response Time: inffps
Name: 吉林卫视, URL: http://[2409:8087:1a0b:df::4020]/ottrrs.hl.chinamobile.com/PLTV/88888888/224/3221226397/index.m3u8$1920x1080|ipv6, Date: None, Resolution: 1920x1080, Response Time: inffps
Name: 吉林卫视, URL: http://[2409:8087:1a01:df::7005]/ottrrs.hl.chinamobile.com/PLTV/88888888/224/3221226397/index.m3u8$1920x1080|ipv6, Date: None, Resolution: 1920x1080, Response Time: inffps
Name: 吉林卫视, URL: http://[2409:8087:5e00:24::1e]:6060/200000001898/460000089800010075/1.m3u8$1920x1080|ipv6, Date: None, Resolution: 1920x1080, Response Time: inffps
Name: 吉林卫视, URL: http://[2409:8087:1a01:df::4077]/PLTV/88888888/224/3221225981/index.m3u8$1920x1080|ipv6, Date: None, Resolution: 1920x1080, Response Time: inffps
Name: 吉林卫视, URL: http://[2409:8087:1a0b:df::4020]:80/ottrrs.hl.chinamobile.com/PLTV/88888888/224/3221226397/index.m3u8$1920x1080|ipv6, Date: None, Resolution: 1920x1080, Response Time: inffps
Name: 山西卫视, URL: http://[2409:8087:5e00:24::1e]:6060/200000001898/460000089800010114/1.m3u8$1920x1080|ipv6, Date: None, Resolution: 1920x1080, Response Time: inffps
Name: 青海卫视, URL: http://[2409:8087:5e00:24::1e]:6060/200000001898/460000089800010111/1.m3u8$1920x1080|ipv6, Date: None, Resolution: 1920x1080, Response Time: inffps
Name: 陕西卫视, URL: http://[2409:8087:5e00:24::1e]:6060/200000001898/460000089800010113/1.m3u8$1920x1080|ipv6, Date: None, Resolution: 1920x1080, Response Time: inffps
Name: 云南卫视, URL: http://[2409:8087:5e00:24::1e]:6060/200000001898/460000089800010119/1.m3u8$1920x1080|ipv6, Date: None, Resolution: 1920x1080, Response Time: inffps
Name: 甘肃卫视, URL: http://[2409:8087:74F1:0021::0008]:80/270000001111/1110000322/index.m3u8?IASHttpSessionId=OTT$1920x1080|ipv6, Date: None, Resolution: 1920x1080, Response Time: inffps
Name: 甘肃卫视, URL: http://[2409:8087:5e00:24::1e]:6060/200000001898/460000089800010098/1.m3u8$1920x1080|ipv6, Date: None, Resolution: 1920x1080, Response Time: inffps
Name: 内蒙古卫视, URL: http://[2409:8087:5e00:24::1e]:6060/200000001898/460000089800010109/1.m3u8$1920x1080|ipv6, Date: None, Resolution: 1920x1080, Response Time: inffps
Name: 内蒙古卫视, URL: http://[2409:8087:5e00:24::1e]:6060/200000001898/460000089800010109/1.m3u8$1920x1080|ipv6, Date: None, Resolution: 1920x1080, Response Time: inffps
Name: 河南卫视, URL: http://[2409:8087:1a01:df::4077]/ottrrs.hl.chinamobile.com/PLTV/88888888/224/3221226480/index.m3u8$1920x1080|ipv6, Date: None, Resolution: 1920x1080, Response Time: inffps
Name: 河南卫视, URL: http://[2409:8087:1a0b:df::4020]/ottrrs.hl.chinamobile.com/PLTV/88888888/224/3221226480/index.m3u8$1920x1080|ipv6, Date: None, Resolution: 1920x1080, Response Time: inffps
Name: 河南卫视, URL: http://[2409:8087:1a01:df::7005]/ottrrs.hl.chinamobile.com/PLTV/88888888/224/3221226480/index.m3u8$1920x1080|ipv6, Date: None, Resolution: 1920x1080, Response Time: inffps
Name: 河南卫视, URL: http://[2409:8087:5e00:24::1e]:6060/200000001898/460000089800010071/1.m3u8$1920x1080|ipv6, Date: None, Resolution: 1920x1080, Response Time: inffps
Name: 河南卫视, URL: http://[2409:8087:1a01:df::4077]/PLTV/88888888/224/3221225988/index.m3u8$1920x1080|ipv6, Date: None, Resolution: 1920x1080, Response Time: inffps
Name: 河南卫视, URL: http://[2409:8087:1a0b:df::4020]:80/ottrrs.hl.chinamobile.com/PLTV/88888888/224/3221226480/index.m3u8$1920x1080|ipv6, Date: None, Resolution: 1920x1080, Response Time: inffps
Name: 新疆卫视, URL: http://[2409:8087:5e00:24::1e]:6060/200000001898/460000089800010116/1.m3u8$1920x1080|ipv6, Date: None, Resolution: 1920x1080, Response Time: inffps
Name: 三沙卫视, URL: http://[2409:8087:5e01:34::22]:6610/ZTE_CMS/08984400000000060000000000000319/index.m3u8?IAS$1920x1080|ipv6, Date: None, Resolution: 1920x1080, Response Time: inffps
Name: 三沙卫视, URL: http://[2409:8087:5e01:34::21]:6610/ZTE_CMS/08984400000000060000000000000319/index.m3u8?IAS$1920x1080|ipv6, Date: None, Resolution: 1920x1080, Response Time: inffps
Name: 三沙卫视, URL: http://[2409:8087:5e01:34::20]:6610/ZTE_CMS/08984400000000060000000000000319/index.m3u8?$1920x1080|ipv6, Date: None, Resolution: 1920x1080, Response Time: inffps
Name: 三沙卫视, URL: http://[2409:8087:5e01:34::20]:6610/ZTE_CMS/08984400000000060000000000000319/index.m3u8?IAS$1920x1080|ipv6, Date: None, Resolution: 1920x1080, Response Time: inffps
